c:\users\dani0\source\repos\project-final\project-final\x64\debug\vc143.pdb
c:\users\dani0\source\repos\project-final\project-final\x64\debug\vc143.idb
c:\users\dani0\source\repos\project-final\project-final\x64\debug\imgui_stdlib.obj
c:\users\dani0\source\repos\project-final\project-final\x64\debug\imgui_widgets.obj
c:\users\dani0\source\repos\project-final\project-final\x64\debug\imgui_tables.obj
c:\users\dani0\source\repos\project-final\project-final\x64\debug\imgui_draw.obj
c:\users\dani0\source\repos\project-final\project-final\x64\debug\imgui_demo.obj
c:\users\dani0\source\repos\project-final\project-final\x64\debug\imgui.obj
c:\users\dani0\source\repos\project-final\project-final\x64\debug\imgui_impl_win32.obj
c:\users\dani0\source\repos\project-final\project-final\x64\debug\imgui_impl_dx11.obj
c:\users\dani0\source\repos\project-final\project-final\x64\debug\input_with_server.obj
c:\users\dani0\source\repos\project-final\project-final\x64\debug\guimain.obj
c:\users\dani0\source\repos\project-final\project-final\x64\debug\drawthread.obj
c:\users\dani0\source\repos\project-final\project-final\x64\debug\downloadthread.obj
c:\users\dani0\source\repos\project-final\project-final\x64\debug\connectedapp.obj
c:\users\dani0\source\repos\project-final\x64\debug\project-final.pdb
c:\users\dani0\source\repos\project-final\project-final\x64\debug\project-final.tlog\cl.command.1.tlog
c:\users\dani0\source\repos\project-final\project-final\x64\debug\project-final.tlog\cl.read.1.tlog
c:\users\dani0\source\repos\project-final\project-final\x64\debug\project-final.tlog\cl.write.1.tlog
c:\users\dani0\source\repos\project-final\project-final\x64\debug\project-final.tlog\link-cvtres.read.1.tlog
c:\users\dani0\source\repos\project-final\project-final\x64\debug\project-final.tlog\link-cvtres.write.1.tlog
c:\users\dani0\source\repos\project-final\project-final\x64\debug\project-final.tlog\link-rc.read.1.tlog
c:\users\dani0\source\repos\project-final\project-final\x64\debug\project-final.tlog\link-rc.write.1.tlog
c:\users\dani0\source\repos\project-final\project-final\x64\debug\project-final.tlog\link.command.1.tlog
c:\users\dani0\source\repos\project-final\project-final\x64\debug\project-final.tlog\link.read.1.tlog
c:\users\dani0\source\repos\project-final\project-final\x64\debug\project-final.tlog\link.read.2.tlog
c:\users\dani0\source\repos\project-final\project-final\x64\debug\project-final.tlog\link.write.1.tlog
